<?xml version='1.0' encoding='UTF-8'?>
<testsuite hostname="Maniks-MacBook-Pro.local" name="controllers.TweetControllerTest" tests="13" errors="0" failures="0" skipped="0" time="8.539" timestamp="2020-11-13T13:32:50">
                     <properties>
[...]
</properties>
                     <testcase classname="controllers.TweetControllerTest" name="testfetchHashtags" time="3.021">
                                                 
                                               </testcase><testcase classname="controllers.TweetControllerTest" name="testfetchTweets" time="0.711">
                                                 
                                               </testcase><testcase classname="controllers.TweetControllerTest" name="testGetUserStatusList" time="0.309">
                                                 
                                               </testcase><testcase classname="controllers.TweetControllerTest" name="testFetchTweetsForBadRequest" time="0.125">
                                                 
                                               </testcase><testcase classname="controllers.TweetControllerTest" name="testGetUserInfoWithAssertEqual" time="0.408">
                                                 
                                               </testcase><testcase classname="controllers.TweetControllerTest" name="testIndex" time="0.101">
                                                 
                                               </testcase><testcase classname="controllers.TweetControllerTest" name="renderIndexTemplate" time="0.088">
                                                 
                                               </testcase><testcase classname="controllers.TweetControllerTest" name="testWordLevelStatsForEmpty" time="0.079">
                                                 
                                               </testcase><testcase classname="controllers.TweetControllerTest" name="testGetUserInfo" time="0.242">
                                                 
                                               </testcase><testcase classname="controllers.TweetControllerTest" name="testGetUserStatusListWithAssertEqual" time="0.263">
                                                 
                                               </testcase><testcase classname="controllers.TweetControllerTest" name="testWordLevelStatsForNull" time="1.397">
                                                 
                                               </testcase><testcase classname="controllers.TweetControllerTest" name="testWordLevelStatsForPass" time="1.684">
                                                 
                                               </testcase><testcase classname="controllers.TweetControllerTest" name="testlistTweets" time="0.111">
                                                 
                                               </testcase>
                     <system-out><![CDATA[]]></system-out>
                     <system-err><![CDATA[]]></system-err>
                   </testsuite>